<?xml version="1.0" encoding="UTF-8"?>
<!-- Generated by org.testng.reporters.JUnitXMLReporter -->
<testsuite ignored="0" hostname="DESKTOP-JE258N5" failures="1" tests="2" name="AMSiteSuiteTestDefault" time="17.758" errors="0" timestamp="2020-10-16T16:09:31 EEST">
  <testcase classname="com.automationproject.AMHomePageTest" name="amHomePageLanguageChangeTest" time="3.101">
    <failure type="java.lang.AssertionError" message="expected [2] but found [1]">
      <![CDATA[java.lang.AssertionError: expected [2] but found [1]
at com.automationproject.AMHomePageTest.amHomePageLanguageChangeTest(AMHomePageTest.java:43)
at java.base/java.util.ArrayList.forEach(ArrayList.java:1541)
at java.base/java.util.concurrent.FutureTask.run(FutureTask.java:264)
at java.base/java.util.concurrent.ThreadPoolExecutor.runWorker(ThreadPoolExecutor.java:1128)
at java.base/java.util.concurrent.ThreadPoolExecutor$Worker.run(ThreadPoolExecutor.java:628)
at java.base/java.lang.Thread.run(Thread.java:834)
... Removed 24 stack frames]]>
    </failure>
  </testcase> <!-- amHomePageLanguageChangeTest -->
  <testcase classname="com.automationproject.AMHomePageTest" name="amHomePageTitleTest" time="2.115"/>
</testsuite> <!-- AMSiteSuiteTestDefault -->
