<?xml version="1.0" encoding="UTF-8"?>
<testng-results ignored="0" total="2" passed="1" failed="1" skipped="0">
  <reporter-output>
  </reporter-output>
  <suite started-at="2020-10-16T16:09:13 EEST" name="AMSiteSuite" finished-at="2020-10-16T16:09:31 EEST" duration-ms="17758">
    <groups>
    </groups>
    <test started-at="2020-10-16T16:09:13 EEST" name="AMSiteSuiteTestDefault" finished-at="2020-10-16T16:09:31 EEST" duration-ms="17758">
      <class name="com.automationproject.AMHomePageTest">
        <test-method is-config="true" signature="amHomePageSetup()[pri:0, instance:com.automationproject.AMHomePageTest@29a60c27]" started-at="2020-10-16T16:09:13 EEST" name="amHomePageSetup" finished-at="2020-10-16T16:09:22 EEST" duration-ms="9494" status="PASS">
          <reporter-output>
          </reporter-output>
        </test-method> <!-- amHomePageSetup -->
        <test-method signature="amHomePageLanguageChangeTest()[pri:0, instance:com.automationproject.AMHomePageTest@29a60c27]" started-at="2020-10-16T16:09:23 EEST" name="amHomePageLanguageChangeTest" finished-at="2020-10-16T16:09:26 EEST" duration-ms="3101" status="FAIL">
          <exception class="java.lang.AssertionError">
            <message>
              <![CDATA[expected [2] but found [1]]]>
            </message>
            <full-stacktrace>
              <![CDATA[java.lang.AssertionError: expected [2] but found [1]
at org.testng.Assert.fail(Assert.java:99)
at org.testng.Assert.failNotEquals(Assert.java:1037)
at org.testng.Assert.assertEqualsImpl(Assert.java:140)
at org.testng.Assert.assertEquals(Assert.java:122)
at org.testng.Assert.assertEquals(Assert.java:907)
at org.testng.Assert.assertEquals(Assert.java:917)
at com.automationproject.AMHomePageTest.amHomePageLanguageChangeTest(AMHomePageTest.java:43)
at java.base/jdk.internal.reflect.NativeMethodAccessorImpl.invoke0(Native Method)
at java.base/jdk.internal.reflect.NativeMethodAccessorImpl.invoke(NativeMethodAccessorImpl.java:62)
at java.base/jdk.internal.reflect.DelegatingMethodAccessorImpl.invoke(DelegatingMethodAccessorImpl.java:43)
at java.base/java.lang.reflect.Method.invoke(Method.java:566)
at org.testng.internal.MethodInvocationHelper.invokeMethod(MethodInvocationHelper.java:132)
at org.testng.internal.TestInvoker.invokeMethod(TestInvoker.java:599)
at org.testng.internal.TestInvoker.invokeTestMethod(TestInvoker.java:174)
at org.testng.internal.MethodRunner.runInSequence(MethodRunner.java:46)
at org.testng.internal.TestInvoker$MethodInvocationAgent.invoke(TestInvoker.java:822)
at org.testng.internal.TestInvoker.invokeTestMethods(TestInvoker.java:147)
at org.testng.internal.TestMethodWorker.invokeTestMethods(TestMethodWorker.java:146)
at org.testng.internal.TestMethodWorker.run(TestMethodWorker.java:128)
at java.base/java.util.ArrayList.forEach(ArrayList.java:1541)
at org.testng.TestRunner.privateRun(TestRunner.java:764)
at org.testng.TestRunner.run(TestRunner.java:585)
at org.testng.SuiteRunner.runTest(SuiteRunner.java:384)
at org.testng.SuiteRunner.access$000(SuiteRunner.java:28)
at org.testng.SuiteRunner$SuiteWorker.run(SuiteRunner.java:425)
at org.testng.internal.thread.ThreadUtil.lambda$execute$0(ThreadUtil.java:66)
at java.base/java.util.concurrent.FutureTask.run(FutureTask.java:264)
at java.base/java.util.concurrent.ThreadPoolExecutor.runWorker(ThreadPoolExecutor.java:1128)
at java.base/java.util.concurrent.ThreadPoolExecutor$Worker.run(ThreadPoolExecutor.java:628)
at java.base/java.lang.Thread.run(Thread.java:834)
]]>
            </full-stacktrace>
          </exception> <!-- java.lang.AssertionError -->
          <reporter-output>
          </reporter-output>
        </test-method> <!-- amHomePageLanguageChangeTest -->
        <test-method signature="amHomePageTitleTest()[pri:0, instance:com.automationproject.AMHomePageTest@29a60c27]" started-at="2020-10-16T16:09:27 EEST" name="amHomePageTitleTest" finished-at="2020-10-16T16:09:29 EEST" duration-ms="2115" status="PASS">
          <reporter-output>
          </reporter-output>
        </test-method> <!-- amHomePageTitleTest -->
        <test-method is-config="true" signature="closeDriver()[pri:0, instance:com.automationproject.AMHomePageTest@29a60c27]" started-at="2020-10-16T16:09:29 EEST" name="closeDriver" finished-at="2020-10-16T16:09:31 EEST" duration-ms="1420" status="PASS">
          <reporter-output>
          </reporter-output>
        </test-method> <!-- closeDriver -->
      </class> <!-- com.automationproject.AMHomePageTest -->
    </test> <!-- AMSiteSuiteTestDefault -->
  </suite> <!-- AMSiteSuite -->
</testng-results>
